<?xml version="1.0" encoding="UTF-8"?>
<!-- Generated by org.testng.reporters.JUnitXMLReporter -->
<testsuite ignored="0" hostname="R3NRCX06F77113E" failures="1" tests="15" name="Test" time="23.425" errors="0" timestamp="2024-07-01T12:01:09 IST">
  <testcase classname="com.swaglab.login.Tc10" name="tc03" time="0.791"/>
  <testcase classname="com.swaglab.login.Tc11" name="tc03" time="2.807"/>
  <testcase classname="com.swaglab.login.TC01" name="tc01" time="0.161"/>
  <testcase classname="com.swaglab.login.Tc07" name="tc03" time="0.471"/>
  <testcase classname="com.swaglab.login.Tc06" name="tc03" time="0.516"/>
  <testcase classname="com.swaglab.login.Tc09" name="tc03" time="0.813"/>
  <testcase classname="com.swaglab.Productpage.Tc03" name="tc03" time="0.823"/>
  <testcase classname="com.swaglab.login.Tc08" name="tc03" time="0.287"/>
  <testcase classname="com.swaglab.Productpage.Tc04" name="tc03" time="0.82"/>
  <testcase classname="com.swaglab.login.Tc03" name="tc03" time="0.272">
    <failure type="org.openqa.selenium.NoSuchElementException" message="no such element: Unable to locate element: {&amp;quot;method&amp;quot;:&amp;quot;xpath&amp;quot;,&amp;quot;selector&amp;quot;:&amp;quot;//button[contains(text(), &amp;apos;ADD TO CART&amp;apos;)]&amp;quot;}
  (Session info: chrome=123.0.6312.60)
For documentation on this error, please visit: https://www.selenium.dev/documentation/webdriver/troubleshooting/errors#no-such-element-exception
Build info: version: &amp;apos;4.18.1&amp;apos;, revision: &amp;apos;b1d3319b48&amp;apos;
System info: os.name: &amp;apos;Windows 11&amp;apos;, os.arch: &amp;apos;amd64&amp;apos;, os.version: &amp;apos;10.0&amp;apos;, java.version: &amp;apos;17.0.10&amp;apos;
Driver info: org.openqa.selenium.chrome.ChromeDriver
Command: [bfb62699c370ce5cca7aa67a1772b077, findElement {using=xpath, value=//button[contains(text(), &amp;apos;ADD TO CART&amp;apos;)]}]
Capabilities {acceptInsecureCerts: false, browserName: chrome, browserVersion: 123.0.6312.60, chrome: {chromedriverVersion: 123.0.6312.122 (31f8248cdd9..., userDataDir: C:\Users\SARATH~1\AppData\L...}, fedcm:accounts: true, goog:chromeOptions: {debuggerAddress: localhost:53583}, networkConnectionEnabled: false, pageLoadStrategy: normal, platformName: windows, proxy: Proxy(), se:cdp: ws://localhost:53583/devtoo..., se:cdpVersion: 123.0.6312.60, setWindowRect: true, strictFileInteractability: false, timeouts: {implicit: 0, pageLoad: 300000, script: 30000}, unhandledPromptBehavior: dismiss and notify, webauthn:extension:credBlob: true, webauthn:extension:largeBlob: true, webauthn:extension:minPinLength: true, webauthn:extension:prf: true, webauthn:virtualAuthenticators: true}
Session ID: bfb62699c370ce5cca7aa67a1772b077">
      <![CDATA[org.openqa.selenium.NoSuchElementException: no such element: Unable to locate element: {"method":"xpath","selector":"//button[contains(text(), 'ADD TO CART')]"}
  (Session info: chrome=123.0.6312.60)
For documentation on this error, please visit: https://www.selenium.dev/documentation/webdriver/troubleshooting/errors#no-such-element-exception
Build info: version: '4.18.1', revision: 'b1d3319b48'
System info: os.name: 'Windows 11', os.arch: 'amd64', os.version: '10.0', java.version: '17.0.10'
Driver info: org.openqa.selenium.chrome.ChromeDriver
Command: [bfb62699c370ce5cca7aa67a1772b077, findElement {using=xpath, value=//button[contains(text(), 'ADD TO CART')]}]
Capabilities {acceptInsecureCerts: false, browserName: chrome, browserVersion: 123.0.6312.60, chrome: {chromedriverVersion: 123.0.6312.122 (31f8248cdd9..., userDataDir: C:\Users\SARATH~1\AppData\L...}, fedcm:accounts: true, goog:chromeOptions: {debuggerAddress: localhost:53583}, networkConnectionEnabled: false, pageLoadStrategy: normal, platformName: windows, proxy: Proxy(), se:cdp: ws://localhost:53583/devtoo..., se:cdpVersion: 123.0.6312.60, setWindowRect: true, strictFileInteractability: false, timeouts: {implicit: 0, pageLoad: 300000, script: 30000}, unhandledPromptBehavior: dismiss and notify, webauthn:extension:credBlob: true, webauthn:extension:largeBlob: true, webauthn:extension:minPinLength: true, webauthn:extension:prf: true, webauthn:virtualAuthenticators: true}
Session ID: bfb62699c370ce5cca7aa67a1772b077
at org.openqa.selenium.remote.ErrorCodec.decode(ErrorCodec.java:167)
at org.openqa.selenium.remote.codec.w3c.W3CHttpResponseCodec.decode(W3CHttpResponseCodec.java:138)
at org.openqa.selenium.remote.codec.w3c.W3CHttpResponseCodec.decode(W3CHttpResponseCodec.java:50)
at org.openqa.selenium.remote.HttpCommandExecutor.execute(HttpCommandExecutor.java:190)
at org.openqa.selenium.remote.service.DriverCommandExecutor.invokeExecute(DriverCommandExecutor.java:216)
at org.openqa.selenium.remote.service.DriverCommandExecutor.execute(DriverCommandExecutor.java:174)
at org.openqa.selenium.remote.RemoteWebDriver.execute(RemoteWebDriver.java:519)
at org.openqa.selenium.remote.ElementLocation$ElementFinder$2.findElement(ElementLocation.java:165)
at org.openqa.selenium.remote.ElementLocation.findElement(ElementLocation.java:59)
at org.openqa.selenium.remote.RemoteWebDriver.findElement(RemoteWebDriver.java:356)
at org.openqa.selenium.remote.RemoteWebDriver.findElement(RemoteWebDriver.java:350)
at com.swaglab.login.Tc03.tc03(Tc03.java:26)
at java.base/java.util.ArrayList.forEach(ArrayList.java:1511)
... Removed 32 stack frames]]>
    </failure>
  </testcase> <!-- tc03 -->
  <testcase classname="com.swaglab.Productpage.Tc01" name="tc03" time="0.711"/>
  <testcase classname="com.swaglab.login.Tc02" name="tc01" time="0.237"/>
  <testcase classname="com.swaglab.Productpage.Tc02" name="tc02" time="0.762"/>
  <testcase classname="com.swaglab.login.Tc05" name="tc01" time="0.437"/>
  <testcase classname="com.swaglab.login.Tc04" name="tc01" time="0.42"/>
</testsuite> <!-- Test -->
