<html>
<head>
<title>TestNG:  Test</title>
<link href="../testng.css" rel="stylesheet" type="text/css" />
<link href="../my-testng.css" rel="stylesheet" type="text/css" />

<style type="text/css">
.log { display: none;} 
.stack-trace { display: none;} 
</style>
<script type="text/javascript">
<!--
function flip(e) {
  current = e.style.display;
  if (current == 'block') {
    e.style.display = 'none';
    return 0;
  }
  else {
    e.style.display = 'block';
    return 1;
  }
}

function toggleBox(szDivId, elem, msg1, msg2)
{
  var res = -1;  if (document.getElementById) {
    res = flip(document.getElementById(szDivId));
  }
  else if (document.all) {
    // this is the way old msie versions work
    res = flip(document.all[szDivId]);
  }
  if(elem) {
    if(res == 0) elem.innerHTML = msg1; else elem.innerHTML = msg2;
  }

}

function toggleAllBoxes() {
  if (document.getElementsByTagName) {
    d = document.getElementsByTagName('div');
    for (i = 0; i < d.length; i++) {
      if (d[i].className == 'log') {
        flip(d[i]);
      }
    }
  }
}

// -->
</script>

</head>
<body>
<h2 align='center'>Test</h2><table border='1' align="center">
<tr>
<td>Tests passed/Failed/Skipped:</td><td>14/1/0</td>
</tr><tr>
<td>Started on:</td><td>Mon Jul 01 12:00:46 IST 2024</td>
</tr>
<tr><td>Total time:</td><td>23 seconds (23425 ms)</td>
</tr><tr>
<td>Included groups:</td><td></td>
</tr><tr>
<td>Excluded groups:</td><td></td>
</tr>
</table><p/>
<small><i>(Hover the method name to see the test class name)</i></small><p/>
<table width='100%' border='1' class='invocation-failed'>
<tr><td colspan='4' align='center'><b>FAILED TESTS</b></td></tr>
<tr><td><b>Test method</b></td>
<td width="30%"><b>Exception</b></td>
<td width="10%"><b>Time (seconds)</b></td>
<td><b>Instance</b></td>
</tr>
<tr>
<td title='com.swaglab.login.Tc03.tc03()'><b>tc03</b><br>Test class: com.swaglab.login.Tc03</td>
<td><div><pre>org.openqa.selenium.NoSuchElementException: no such element: Unable to locate element: {&quot;method&quot;:&quot;xpath&quot;,&quot;selector&quot;:&quot;//button[contains(text(), &apos;ADD TO CART&apos;)]&quot;}
  (Session info: chrome=123.0.6312.60)
For documentation on this error, please visit: https://www.selenium.dev/documentation/webdriver/troubleshooting/errors#no-such-element-exception
Build info: version: &apos;4.18.1&apos;, revision: &apos;b1d3319b48&apos;
System info: os.name: &apos;Windows 11&apos;, os.arch: &apos;amd64&apos;, os.version: &apos;10.0&apos;, java.version: &apos;17.0.10&apos;
Driver info: org.openqa.selenium.chrome.ChromeDriver
Command: [bfb62699c370ce5cca7aa67a1772b077, findElement {using=xpath, value=//button[contains(text(), &apos;ADD TO CART&apos;)]}]
Capabilities {acceptInsecureCerts: false, browserName: chrome, browserVersion: 123.0.6312.60, chrome: {chromedriverVersion: 123.0.6312.122 (31f8248cdd9..., userDataDir: C:\Users\SARATH~1\AppData\L...}, fedcm:accounts: true, goog:chromeOptions: {debuggerAddress: localhost:53583}, networkConnectionEnabled: false, pageLoadStrategy: normal, platformName: windows, proxy: Proxy(), se:cdp: ws://localhost:53583/devtoo..., se:cdpVersion: 123.0.6312.60, setWindowRect: true, strictFileInteractability: false, timeouts: {implicit: 0, pageLoad: 300000, script: 30000}, unhandledPromptBehavior: dismiss and notify, webauthn:extension:credBlob: true, webauthn:extension:largeBlob: true, webauthn:extension:minPinLength: true, webauthn:extension:prf: true, webauthn:virtualAuthenticators: true}
Session ID: bfb62699c370ce5cca7aa67a1772b077
	at org.openqa.selenium.remote.ErrorCodec.decode(ErrorCodec.java:167)
	at org.openqa.selenium.remote.codec.w3c.W3CHttpResponseCodec.decode(W3CHttpResponseCodec.java:138)
	at org.openqa.selenium.remote.codec.w3c.W3CHttpResponseCodec.decode(W3CHttpResponseCodec.java:50)
	at org.openqa.selenium.remote.HttpCommandExecutor.execute(HttpCommandExecutor.java:190)
	at org.openqa.selenium.remote.service.DriverCommandExecutor.invokeExecute(DriverCommandExecutor.java:216)
	at org.openqa.selenium.remote.service.DriverCommandExecutor.execute(DriverCommandExecutor.java:174)
	at org.openqa.selenium.remote.RemoteWebDriver.execute(RemoteWebDriver.java:519)
	at org.openqa.selenium.remote.ElementLocation$ElementFinder$2.findElement(ElementLocation.java:165)
	at org.openqa.selenium.remote.ElementLocation.findElement(ElementLocation.java:59)
	at org.openqa.selenium.remote.RemoteWebDriver.findElement(RemoteWebDriver.java:356)
	at org.openqa.selenium.remote.RemoteWebDriver.findElement(RemoteWebDriver.java:350)
	at com.swaglab.login.Tc03.tc03(Tc03.java:26)
	at java.base/java.util.ArrayList.forEach(ArrayList.java:1511)
... Removed 32 stack frames</pre></div><a href='#' onClick='toggleBox("stack-trace1858863803", this, "Click to show all stack frames", "Click to hide stack frames")'>Click to show all stack frames</a>
<div class='stack-trace' id='stack-trace1858863803'><pre>org.openqa.selenium.NoSuchElementException: no such element: Unable to locate element: {&quot;method&quot;:&quot;xpath&quot;,&quot;selector&quot;:&quot;//button[contains(text(), &apos;ADD TO CART&apos;)]&quot;}
  (Session info: chrome=123.0.6312.60)
For documentation on this error, please visit: https://www.selenium.dev/documentation/webdriver/troubleshooting/errors#no-such-element-exception
Build info: version: &apos;4.18.1&apos;, revision: &apos;b1d3319b48&apos;
System info: os.name: &apos;Windows 11&apos;, os.arch: &apos;amd64&apos;, os.version: &apos;10.0&apos;, java.version: &apos;17.0.10&apos;
Driver info: org.openqa.selenium.chrome.ChromeDriver
Command: [bfb62699c370ce5cca7aa67a1772b077, findElement {using=xpath, value=//button[contains(text(), &apos;ADD TO CART&apos;)]}]
Capabilities {acceptInsecureCerts: false, browserName: chrome, browserVersion: 123.0.6312.60, chrome: {chromedriverVersion: 123.0.6312.122 (31f8248cdd9..., userDataDir: C:\Users\SARATH~1\AppData\L...}, fedcm:accounts: true, goog:chromeOptions: {debuggerAddress: localhost:53583}, networkConnectionEnabled: false, pageLoadStrategy: normal, platformName: windows, proxy: Proxy(), se:cdp: ws://localhost:53583/devtoo..., se:cdpVersion: 123.0.6312.60, setWindowRect: true, strictFileInteractability: false, timeouts: {implicit: 0, pageLoad: 300000, script: 30000}, unhandledPromptBehavior: dismiss and notify, webauthn:extension:credBlob: true, webauthn:extension:largeBlob: true, webauthn:extension:minPinLength: true, webauthn:extension:prf: true, webauthn:virtualAuthenticators: true}
Session ID: bfb62699c370ce5cca7aa67a1772b077
	at java.base/jdk.internal.reflect.NativeConstructorAccessorImpl.newInstance0(Native Method)
	at java.base/jdk.internal.reflect.NativeConstructorAccessorImpl.newInstance(NativeConstructorAccessorImpl.java:77)
	at java.base/jdk.internal.reflect.DelegatingConstructorAccessorImpl.newInstance(DelegatingConstructorAccessorImpl.java:45)
	at java.base/java.lang.reflect.Constructor.newInstanceWithCaller(Constructor.java:499)
	at java.base/java.lang.reflect.Constructor.newInstance(Constructor.java:480)
	at org.openqa.selenium.remote.ErrorCodec.decode(ErrorCodec.java:167)
	at org.openqa.selenium.remote.codec.w3c.W3CHttpResponseCodec.decode(W3CHttpResponseCodec.java:138)
	at org.openqa.selenium.remote.codec.w3c.W3CHttpResponseCodec.decode(W3CHttpResponseCodec.java:50)
	at org.openqa.selenium.remote.HttpCommandExecutor.execute(HttpCommandExecutor.java:190)
	at org.openqa.selenium.remote.service.DriverCommandExecutor.invokeExecute(DriverCommandExecutor.java:216)
	at org.openqa.selenium.remote.service.DriverCommandExecutor.execute(DriverCommandExecutor.java:174)
	at org.openqa.selenium.remote.RemoteWebDriver.execute(RemoteWebDriver.java:519)
	at org.openqa.selenium.remote.ElementLocation$ElementFinder$2.findElement(ElementLocation.java:165)
	at org.openqa.selenium.remote.ElementLocation.findElement(ElementLocation.java:59)
	at org.openqa.selenium.remote.RemoteWebDriver.findElement(RemoteWebDriver.java:356)
	at org.openqa.selenium.remote.RemoteWebDriver.findElement(RemoteWebDriver.java:350)
	at com.swaglab.login.Tc03.tc03(Tc03.java:26)
	at java.base/jdk.internal.reflect.NativeMethodAccessorImpl.invoke0(Native Method)
	at java.base/jdk.internal.reflect.NativeMethodAccessorImpl.invoke(NativeMethodAccessorImpl.java:77)
	at java.base/jdk.internal.reflect.DelegatingMethodAccessorImpl.invoke(DelegatingMethodAccessorImpl.java:43)
	at java.base/java.lang.reflect.Method.invoke(Method.java:568)
	at org.testng.internal.MethodInvocationHelper.invokeMethod(MethodInvocationHelper.java:133)
	at org.testng.internal.TestInvoker.invokeMethod(TestInvoker.java:598)
	at org.testng.internal.TestInvoker.invokeTestMethod(TestInvoker.java:173)
	at org.testng.internal.MethodRunner.runInSequence(MethodRunner.java:46)
	at org.testng.internal.TestInvoker$MethodInvocationAgent.invoke(TestInvoker.java:824)
	at org.testng.internal.TestInvoker.invokeTestMethods(TestInvoker.java:146)
	at org.testng.internal.TestMethodWorker.invokeTestMethods(TestMethodWorker.java:146)
	at org.testng.internal.TestMethodWorker.run(TestMethodWorker.java:128)
	at java.base/java.util.ArrayList.forEach(ArrayList.java:1511)
	at org.testng.TestRunner.privateRun(TestRunner.java:794)
	at org.testng.TestRunner.run(TestRunner.java:596)
	at org.testng.SuiteRunner.runTest(SuiteRunner.java:377)
	at org.testng.SuiteRunner.runSequentially(SuiteRunner.java:371)
	at org.testng.SuiteRunner.privateRun(SuiteRunner.java:332)
	at org.testng.SuiteRunner.run(SuiteRunner.java:276)
	at org.testng.SuiteRunnerWorker.runSuite(SuiteRunnerWorker.java:53)
	at org.testng.SuiteRunnerWorker.run(SuiteRunnerWorker.java:96)
	at org.testng.TestNG.runSuitesSequentially(TestNG.java:1212)
	at org.testng.TestNG.runSuitesLocally(TestNG.java:1134)
	at org.testng.TestNG.runSuites(TestNG.java:1063)
	at org.testng.TestNG.run(TestNG.java:1031)
	at org.testng.remote.AbstractRemoteTestNG.run(AbstractRemoteTestNG.java:115)
	at org.testng.remote.RemoteTestNG.initAndRun(RemoteTestNG.java:293)
	at org.testng.remote.RemoteTestNG.main(RemoteTestNG.java:91)
</pre></div></td>
<td>0</td>
<td>com.swaglab.login.Tc03@121314f7</td></tr>
</table><p>
<table width='100%' border='1' class='invocation-passed'>
<tr><td colspan='4' align='center'><b>PASSED TESTS</b></td></tr>
<tr><td><b>Test method</b></td>
<td width="30%"><b>Exception</b></td>
<td width="10%"><b>Time (seconds)</b></td>
<td><b>Instance</b></td>
</tr>
<tr>
<td title='com.swaglab.login.TC01.tc01()'><b>tc01</b><br>Test class: com.swaglab.login.TC01<br>Test method: The user should able redirect to the swaglab web application</td>
<td></td>
<td>0</td>
<td>com.swaglab.login.TC01@52b1beb6</td></tr>
<tr>
<td title='com.swaglab.login.Tc04.tc01()'><b>tc01</b><br>Test class: com.swaglab.login.Tc04<br>Test method: The Username placeholder should be visible after the page redirection to the web application</td>
<td></td>
<td>0</td>
<td>com.swaglab.login.Tc04@2e3967ea</td></tr>
<tr>
<td title='com.swaglab.login.Tc11.tc03()'><b>tc03</b><br>Test class: com.swaglab.login.Tc11<br>Test method: After user login than user able to logout the application</td>
<td></td>
<td>2</td>
<td>com.swaglab.login.Tc11@53aac487</td></tr>
<tr>
<td title='com.swaglab.login.Tc02.tc01()'><b>tc01</b><br>Test class: com.swaglab.login.Tc02<br>Test method: The page title should be correct</td>
<td></td>
<td>0</td>
<td>com.swaglab.login.Tc02@5e600dd5</td></tr>
<tr>
<td title='com.swaglab.login.Tc08.tc03()'><b>tc03</b><br>Test class: com.swaglab.login.Tc08<br>Test method: The Username placeholder should be visible after the page redirection to the web application</td>
<td></td>
<td>0</td>
<td>com.swaglab.login.Tc08@2d52216b</td></tr>
<tr>
<td title='com.swaglab.login.Tc10.tc03()'><b>tc03</b><br>Test class: com.swaglab.login.Tc10<br>Test method: The Username placeholder should be visible after the page redirection to the web application</td>
<td></td>
<td>0</td>
<td>com.swaglab.login.Tc10@e15b7e8</td></tr>
<tr>
<td title='com.swaglab.Productpage.Tc02.tc02()'><b>tc02</b><br>Test class: com.swaglab.Productpage.Tc02<br>Test method: All products should have the particular image</td>
<td></td>
<td>0</td>
<td>com.swaglab.Productpage.Tc02@576d5deb</td></tr>
<tr>
<td title='com.swaglab.login.Tc07.tc03()'><b>tc03</b><br>Test class: com.swaglab.login.Tc07<br>Test method: The Username placeholder should be visible after the page redirection to the web application</td>
<td></td>
<td>0</td>
<td>com.swaglab.login.Tc07@273e7444</td></tr>
<tr>
<td title='com.swaglab.login.Tc06.tc03()'><b>tc03</b><br>Test class: com.swaglab.login.Tc06<br>Test method: The Username placeholder should be visible after the page redirection to the web application</td>
<td></td>
<td>0</td>
<td>com.swaglab.login.Tc06@7db12bb6</td></tr>
<tr>
<td title='com.swaglab.login.Tc09.tc03()'><b>tc03</b><br>Test class: com.swaglab.login.Tc09<br>Test method: The Username placeholder should be visible after the page redirection to the web application</td>
<td></td>
<td>0</td>
<td>com.swaglab.login.Tc09@783a467b</td></tr>
<tr>
<td title='com.swaglab.Productpage.Tc03.tc03()'><b>tc03</b><br>Test class: com.swaglab.Productpage.Tc03<br>Test method: All the  products should have the brand name</td>
<td></td>
<td>0</td>
<td>com.swaglab.Productpage.Tc03@272113c4</td></tr>
<tr>
<td title='com.swaglab.Productpage.Tc04.tc03()'><b>tc03</b><br>Test class: com.swaglab.Productpage.Tc04<br>Test method: All the  products should have the brand name</td>
<td></td>
<td>0</td>
<td>com.swaglab.Productpage.Tc04@242b836</td></tr>
<tr>
<td title='com.swaglab.Productpage.Tc01.tc03()'><b>tc03</b><br>Test class: com.swaglab.Productpage.Tc01<br>Test method: The user able to view the product on the poduct page</td>
<td></td>
<td>0</td>
<td>com.swaglab.Productpage.Tc01@130c12b7</td></tr>
<tr>
<td title='com.swaglab.login.Tc05.tc01()'><b>tc01</b><br>Test class: com.swaglab.login.Tc05<br>Test method: The Username placeholder should be visible after the page redirection to the web application</td>
<td></td>
<td>0</td>
<td>com.swaglab.login.Tc05@5d534f5d</td></tr>
</table><p>
</body>
</html>